Running: /opt/Xilinx/14.7/ISE_DS/ISE/bin/lin64/unwrapped/fuse -intstyle ise -incremental -lib secureip -o /home/erick/Documentos/Software/Xilinx/ARCHIVO_REGISTROS/TB_ARCHIVO_REGISTROS_isim_beh.exe -prj /home/erick/Documentos/Software/Xilinx/ARCHIVO_REGISTROS/TB_ARCHIVO_REGISTROS_beh.prj work.TB_ARCHIVO_REGISTROS 
ISim P.20131013 (signature 0xfbc00daa)
Number of CPUs detected in this system: 4
Turning on mult-threading, number of parallel sub-compilation jobs: 8 
Determining compilation order of HDL files
Parsing VHDL file "/home/erick/Documentos/Software/Xilinx/ARCHIVO_REGISTROS/ARCHIVO_DE_REGISTROS.vhd" into library work
Parsing VHDL file "/home/erick/Documentos/Software/Xilinx/ARCHIVO_REGISTROS/TB_ARCHIVO_REGISTROS.vhd" into library work
Starting static elaboration
Completed static elaboration
Fuse Memory Usage: 87480 KB
Fuse CPU Usage: 1230 ms
Compiling package standard
Compiling package textio
Compiling package std_logic_1164
Compiling package std_logic_textio
Compiling package std_logic_arith
Compiling package std_logic_unsigned
Compiling architecture behaviour of entity ARCHIVO_DE_REGISTROS [\ARCHIVO_DE_REGISTROS(4,16)\]
Compiling architecture behavior of entity tb_archivo_registros
Time Resolution for simulation is 1ps.
Compiled 9 VHDL Units
Built simulation executable /home/erick/Documentos/Software/Xilinx/ARCHIVO_REGISTROS/TB_ARCHIVO_REGISTROS_isim_beh.exe
Fuse Memory Usage: 663820 KB
Fuse CPU Usage: 1300 ms
GCC CPU Usage: 280 ms
